<?xml version="1.0" encoding="UTF-8" ?>
<context xmlns="http://www.isis.cm/config/isis-item"
         xmlns:l="http://www.isis.cm/config/list-view"
         xmlns:e="http://www.isis.cm/config/editor-area"
         xmlns:a="http://www.isis.cm/config/isis-actions"
         action="testResultAction">
    <l:list-view>
        <l:list>
            <l:column qualifier="concern" widget="manytoone" search="true"/>
            <l:column qualifier="beginAt" widget="datetime-local" search="true"/>
            <l:column qualifier="endAt" widget="datetime-local" search="true"/>
            <l:column qualifier="mark" search="true" />
            <l:column qualifier="percent" search="true" />
            <l:column qualifier="state" search="true" />
        </l:list>
    </l:list-view>
    <e:editor-area create="false" update="false" delete="true" createOnField="false">
        <e:component>
            <e:common>
                <e:form>
                    <e:section name="hac.commons" columns="2" position="100">
                        <e:field qualifier="concern" widget="manytoone" />
                        <e:field qualifier="state" widget="manytoone" />
                    </e:section>
                    <e:section name="hac.commons01" columns="2" position="99">
                        <e:section name="TestResult.temporality" columns="1" position="100" header="true">
                            <e:field qualifier="beginAt" widget="datetime-local" editable="false" updatable="false"/>
                            <e:field qualifier="endAt" widget="datetime-local" editable="false" updatable="false"/>
                        </e:section>
                        <e:section name="TestResult.marks" position="99" columns="1" header="true">
                            <e:field qualifier="mark" editable="false" updatable="false" />
                            <e:field qualifier="percent" editable="false" updatable="false" />
                        </e:section>
                    </e:section>
                    <e:section name="TestResult.reponses" columns="1" position="98" header="true">
                        <e:field qualifier="response" widget="onetomany" updatable="false" editable="false" deletable="false" />
                    </e:section>
                </e:form>
            </e:common>
        </e:component>
        <!--
        <a:actions>
            <a:action name="TestResult.openQuestions" code="TestResult.openQuestions"  type="OpenQuestionAnswer" position="actions" icon="fa-solid fa-lock-open"
                       viewMode="list,view" redirect="true" />
        </a:actions>
        -->
    </e:editor-area>
</context>